生成启动时间为 2017/4/13 10:44:18。
     1>项目“F:\Projects\bing\bing\bing.vcxproj”在节点 2 上(build 个目标)。
     1>InitializeBuildStatus:
         正在创建“Debug\bing.unsuccessfulbuild”，因为已指定“AlwaysCreate”。
       ClCompile:
         所有输出均为最新。
         E:\Microsoft Visual Studio 10.0\VC\bin\CL.exe /c /ZI /nologo /W3 /WX- /Od /Oy- /D WIN32 /D _DEBUG /D _CONSOLE /D _UNICODE /D UNICODE /D _AFXDLL /Gm /EHsc /RTC1 /MDd /GS /fp:precise /Zc:wchar_t /Zc:forScope /Yu"StdAfx.h" /Fp"Debug\bing.pch" /Fo"Debug\\" /Fd"Debug\vc100.pdb" /Gd /TP /analyze- /errorReport:prompt bing.cpp
         bing.cpp
     1>f:\projects\bing\bing\include\freetype\freetype.h(2657): warning C4819: 该文件包含不能在当前代码页(936)中表示的字符。请将该文件保存为 Unicode 格式以防止数据丢失
     1>f:\projects\bing\bing\bing.cpp(21): warning C4996: 'fopen': This function or variable may be unsafe. Consider using fopen_s instead. To disable deprecation, use _CRT_SECURE_NO_WARNINGS. See online help for details.
                 e:\microsoft visual studio 10.0\vc\include\stdio.h(234) : 参见“fopen”的声明
       ResourceCompile:
         所有输出均为最新。
       ManifestResourceCompile:
         所有输出均为最新。
       Link:
         E:\Microsoft Visual Studio 10.0\VC\bin\link.exe /ERRORREPORT:PROMPT /OUT:"F:\Projects\bing\Debug\bing.exe" /INCREMENTAL /NOLOGO freetype271d.lib opencv_core249d.lib opencv_highgui249d.lib opencv_imgproc249d.lib /MANIFEST /ManifestFile:"Debug\bing.exe.intermediate.manifest" /MANIFESTUAC:"level='asInvoker' uiAccess='false'" /DEBUG /PDB:"F:\Projects\bing\Debug\bing.pdb" /SUBSYSTEM:CONSOLE /TLBID:1 /DYNAMICBASE /NXCOMPAT /IMPLIB:"F:\Projects\bing\Debug\bing.lib" /MACHINE:X86 Debug\bing.res
         Debug\bing.exe.embed.manifest.res
         Debug\bing.obj
         Debug\CvxText.obj
         Debug\stdafx.obj
       Manifest:
         C:\Program Files (x86)\Microsoft SDKs\Windows\v7.0A\bin\mt.exe /nologo /verbose /out:"Debug\bing.exe.embed.manifest" /manifest Debug\bing.exe.intermediate.manifest "E:\Microsoft Visual Studio 10.0\VC\Include\Manifest\dpiaware.manifest"
         所有输出均为最新。
       LinkEmbedManifest:
         所有输出均为最新。
         bing.vcxproj -> F:\Projects\bing\Debug\bing.exe
       FinalizeBuildStatus:
         正在删除文件“Debug\bing.unsuccessfulbuild”。
         正在对“Debug\bing.lastbuildstate”执行 Touch 任务。
     1>已完成生成项目“F:\Projects\bing\bing\bing.vcxproj”(build 个目标)的操作。

生成成功。

已用时间 00:00:01.01
